<?xml version="1.0" encoding="UTF-8"?>
<!-- Generated by org.testng.reporters.JUnitReportReporter -->
<testsuite hostname="MB958" failures="0" tests="1" name="com.base.TestRunner" time="16.100" errors="0" timestamp="2022-06-22T16:26:22 BST" skipped="0">
  <testcase classname="com.base.TestRunner" name="runScenario" time="16.100"/>
  <system-out/>
</testsuite> <!-- com.base.TestRunner -->
